R5 sends INIT
R5 receives initial CDB
R5 sends Hello via link 4
R5 sends Hello via link 7
R5 sends Hello via link 6
R5 sends Hello via link 5

# Topology DB
R5 -> R1 nbr link 0
R5 -> R2 nbr link 0
R5 -> R3 nbr link 0
R5 -> R4 nbr link 0
R5 -> R5 nbr link 4
R5 -> R5 link 4 cost 4
R5 -> R5 link 7 cost 7
R5 -> R5 link 6 cost 6
R5 -> R5 link 5 cost 5

R5 receives Hello via link 5 from 1
R5 sends LSPDU sender 5 router_id 5 link_id 4 cost 4 via 5 to 1
R5 sends LSPDU sender 5 router_id 5 link_id 7 cost 7 via 5 to 1
R5 sends LSPDU sender 5 router_id 5 link_id 6 cost 6 via 5 to 1
R5 sends LSPDU sender 5 router_id 5 link_id 5 cost 5 via 5 to 1
R5 receives Hello via link 6 from 2
R5 sends LSPDU sender 5 router_id 5 link_id 4 cost 4 via 6 to 2
R5 sends LSPDU sender 5 router_id 5 link_id 7 cost 7 via 6 to 2
R5 sends LSPDU sender 5 router_id 5 link_id 6 cost 6 via 6 to 2
R5 sends LSPDU sender 5 router_id 5 link_id 5 cost 5 via 6 to 2
R5 receives Hello via link 7 from 3
R5 sends LSPDU sender 5 router_id 5 link_id 4 cost 4 via 7 to 3
R5 sends LSPDU sender 5 router_id 5 link_id 7 cost 7 via 7 to 3
R5 sends LSPDU sender 5 router_id 5 link_id 6 cost 6 via 7 to 3
R5 sends LSPDU sender 5 router_id 5 link_id 5 cost 5 via 7 to 3
R5 receives Hello via link 4 from 4
R5 sends LSPDU sender 5 router_id 5 link_id 4 cost 4 via 4 to 4
R5 sends LSPDU sender 5 router_id 5 link_id 7 cost 7 via 4 to 4
R5 sends LSPDU sender 5 router_id 5 link_id 6 cost 6 via 4 to 4
R5 sends LSPDU sender 5 router_id 5 link_id 5 cost 5 via 4 to 4
R5 receives from R3 via link id 7 that R3 has a link with id 2 and cost 2

# Topology DB
R5 -> R1 nbr link 0
R5 -> R2 nbr link 0
R5 -> R3 nbr link 1
R5 -> R3 link 2 cost 2
R5 -> R4 nbr link 0
R5 -> R5 nbr link 4
R5 -> R5 link 4 cost 4
R5 -> R5 link 7 cost 7
R5 -> R5 link 6 cost 6
R5 -> R5 link 5 cost 5

R5 sends LSPDU sender 5 router_id 3 link_id 2 cost 2 via 5 to 1
R5 sends LSPDU sender 5 router_id 3 link_id 2 cost 2 via 6 to 2
R5 sends LSPDU sender 5 router_id 3 link_id 2 cost 2 via 7 to 3
R5 sends LSPDU sender 5 router_id 3 link_id 2 cost 2 via 4 to 4

# RIB
R5 -> R1 -> R1, 5
R5 -> R2 -> R2, 6
R5 -> R3 -> R3, 7
R5 -> R4 -> R4, 4
R5 -> R5 -> Local, 0

R5 receives from R3 via link id 7 that R3 has a link with id 7 and cost 7

# Topology DB
R5 -> R1 nbr link 0
R5 -> R2 nbr link 0
R5 -> R3 nbr link 2
R5 -> R3 link 2 cost 2
R5 -> R3 link 7 cost 7
R5 -> R4 nbr link 0
R5 -> R5 nbr link 4
R5 -> R5 link 4 cost 4
R5 -> R5 link 7 cost 7
R5 -> R5 link 6 cost 6
R5 -> R5 link 5 cost 5

R5 sends LSPDU sender 5 router_id 3 link_id 7 cost 7 via 5 to 1
R5 sends LSPDU sender 5 router_id 3 link_id 7 cost 7 via 6 to 2
R5 sends LSPDU sender 5 router_id 3 link_id 7 cost 7 via 7 to 3
R5 sends LSPDU sender 5 router_id 3 link_id 7 cost 7 via 4 to 4

# RIB
R5 -> R1 -> R1, 5
R5 -> R2 -> R2, 6
R5 -> R3 -> R3, 7
R5 -> R4 -> R4, 4
R5 -> R5 -> Local, 0

R5 receives from R3 via link id 7 that R3 has a link with id 3 and cost 3

# Topology DB
R5 -> R1 nbr link 0
R5 -> R2 nbr link 0
R5 -> R3 nbr link 3
R5 -> R3 link 2 cost 2
R5 -> R3 link 7 cost 7
R5 -> R3 link 3 cost 3
R5 -> R4 nbr link 0
R5 -> R5 nbr link 4
R5 -> R5 link 4 cost 4
R5 -> R5 link 7 cost 7
R5 -> R5 link 6 cost 6
R5 -> R5 link 5 cost 5

R5 sends LSPDU sender 5 router_id 3 link_id 3 cost 3 via 5 to 1
R5 sends LSPDU sender 5 router_id 3 link_id 3 cost 3 via 6 to 2
R5 sends LSPDU sender 5 router_id 3 link_id 3 cost 3 via 7 to 3
R5 sends LSPDU sender 5 router_id 3 link_id 3 cost 3 via 4 to 4

# RIB
R5 -> R1 -> R1, 5
R5 -> R2 -> R2, 6
R5 -> R3 -> R3, 7
R5 -> R4 -> R4, 4
R5 -> R5 -> Local, 0

R5 receives from R2 via link id 6 that R2 has a link with id 1 and cost 1

# Topology DB
R5 -> R1 nbr link 0
R5 -> R2 nbr link 1
R5 -> R2 link 1 cost 1
R5 -> R3 nbr link 3
R5 -> R3 link 2 cost 2
R5 -> R3 link 7 cost 7
R5 -> R3 link 3 cost 3
R5 -> R4 nbr link 0
R5 -> R5 nbr link 4
R5 -> R5 link 4 cost 4
R5 -> R5 link 7 cost 7
R5 -> R5 link 6 cost 6
R5 -> R5 link 5 cost 5

R5 sends LSPDU sender 5 router_id 2 link_id 1 cost 1 via 5 to 1
R5 sends LSPDU sender 5 router_id 2 link_id 1 cost 1 via 6 to 2
R5 sends LSPDU sender 5 router_id 2 link_id 1 cost 1 via 7 to 3
R5 sends LSPDU sender 5 router_id 2 link_id 1 cost 1 via 4 to 4

# RIB
R5 -> R1 -> R1, 5
R5 -> R2 -> R2, 6
R5 -> R3 -> R3, 7
R5 -> R4 -> R4, 4
R5 -> R5 -> Local, 0

R5 receives from R2 via link id 6 that R2 has a link with id 2 and cost 2

# Topology DB
R5 -> R1 nbr link 0
R5 -> R2 nbr link 2
R5 -> R2 link 1 cost 1
R5 -> R2 link 2 cost 2
R5 -> R3 nbr link 3
R5 -> R3 link 2 cost 2
R5 -> R3 link 7 cost 7
R5 -> R3 link 3 cost 3
R5 -> R4 nbr link 0
R5 -> R5 nbr link 4
R5 -> R5 link 4 cost 4
R5 -> R5 link 7 cost 7
R5 -> R5 link 6 cost 6
R5 -> R5 link 5 cost 5

R5 sends LSPDU sender 5 router_id 2 link_id 2 cost 2 via 5 to 1
R5 sends LSPDU sender 5 router_id 2 link_id 2 cost 2 via 6 to 2
R5 sends LSPDU sender 5 router_id 2 link_id 2 cost 2 via 7 to 3
R5 sends LSPDU sender 5 router_id 2 link_id 2 cost 2 via 4 to 4

# RIB
R5 -> R1 -> R1, 5
R5 -> R2 -> R2, 6
R5 -> R3 -> R3, 7
R5 -> R4 -> R4, 4
R5 -> R5 -> Local, 0

R5 receives from R2 via link id 6 that R2 has a link with id 6 and cost 6

# Topology DB
R5 -> R1 nbr link 0
R5 -> R2 nbr link 3
R5 -> R2 link 1 cost 1
R5 -> R2 link 2 cost 2
R5 -> R2 link 6 cost 6
R5 -> R3 nbr link 3
R5 -> R3 link 2 cost 2
R5 -> R3 link 7 cost 7
R5 -> R3 link 3 cost 3
R5 -> R4 nbr link 0
R5 -> R5 nbr link 4
R5 -> R5 link 4 cost 4
R5 -> R5 link 7 cost 7
R5 -> R5 link 6 cost 6
R5 -> R5 link 5 cost 5

R5 sends LSPDU sender 5 router_id 2 link_id 6 cost 6 via 5 to 1
R5 sends LSPDU sender 5 router_id 2 link_id 6 cost 6 via 6 to 2
R5 sends LSPDU sender 5 router_id 2 link_id 6 cost 6 via 7 to 3
R5 sends LSPDU sender 5 router_id 2 link_id 6 cost 6 via 4 to 4

# RIB
R5 -> R1 -> R1, 5
R5 -> R2 -> R2, 6
R5 -> R3 -> R3, 7
R5 -> R4 -> R4, 4
R5 -> R5 -> Local, 0

R5 receives from R2 via link id 6 that R3 has a link with id 2 and cost 2
R5 receives from R3 via link id 7 that R2 has a link with id 1 and cost 1
R5 receives from R2 via link id 6 that R3 has a link with id 7 and cost 7
R5 receives from R3 via link id 7 that R2 has a link with id 2 and cost 2
R5 receives from R2 via link id 6 that R3 has a link with id 3 and cost 3
R5 receives from R3 via link id 7 that R2 has a link with id 6 and cost 6
R5 receives from R4 via link id 4 that R4 has a link with id 3 and cost 3

# Topology DB
R5 -> R1 nbr link 0
R5 -> R2 nbr link 3
R5 -> R2 link 1 cost 1
R5 -> R2 link 2 cost 2
R5 -> R2 link 6 cost 6
R5 -> R3 nbr link 3
R5 -> R3 link 2 cost 2
R5 -> R3 link 7 cost 7
R5 -> R3 link 3 cost 3
R5 -> R4 nbr link 1
R5 -> R4 link 3 cost 3
R5 -> R5 nbr link 4
R5 -> R5 link 4 cost 4
R5 -> R5 link 7 cost 7
R5 -> R5 link 6 cost 6
R5 -> R5 link 5 cost 5

R5 sends LSPDU sender 5 router_id 4 link_id 3 cost 3 via 5 to 1
R5 sends LSPDU sender 5 router_id 4 link_id 3 cost 3 via 6 to 2
R5 sends LSPDU sender 5 router_id 4 link_id 3 cost 3 via 7 to 3
R5 sends LSPDU sender 5 router_id 4 link_id 3 cost 3 via 4 to 4

# RIB
R5 -> R1 -> R1, 5
R5 -> R2 -> R2, 6
R5 -> R3 -> R3, 7
R5 -> R4 -> R4, 4
R5 -> R5 -> Local, 0

R5 receives from R4 via link id 4 that R4 has a link with id 4 and cost 4

# Topology DB
R5 -> R1 nbr link 0
R5 -> R2 nbr link 3
R5 -> R2 link 1 cost 1
R5 -> R2 link 2 cost 2
R5 -> R2 link 6 cost 6
R5 -> R3 nbr link 3
R5 -> R3 link 2 cost 2
R5 -> R3 link 7 cost 7
R5 -> R3 link 3 cost 3
R5 -> R4 nbr link 2
R5 -> R4 link 3 cost 3
R5 -> R4 link 4 cost 4
R5 -> R5 nbr link 4
R5 -> R5 link 4 cost 4
R5 -> R5 link 7 cost 7
R5 -> R5 link 6 cost 6
R5 -> R5 link 5 cost 5

R5 sends LSPDU sender 5 router_id 4 link_id 4 cost 4 via 5 to 1
R5 sends LSPDU sender 5 router_id 4 link_id 4 cost 4 via 6 to 2
R5 sends LSPDU sender 5 router_id 4 link_id 4 cost 4 via 7 to 3
R5 sends LSPDU sender 5 router_id 4 link_id 4 cost 4 via 4 to 4

# RIB
R5 -> R1 -> R1, 5
R5 -> R2 -> R2, 6
R5 -> R3 -> R3, 7
R5 -> R4 -> R4, 4
R5 -> R5 -> Local, 0

R5 receives from R4 via link id 4 that R3 has a link with id 2 and cost 2
R5 receives from R4 via link id 4 that R3 has a link with id 7 and cost 7
R5 receives from R3 via link id 7 that R4 has a link with id 3 and cost 3
R5 receives from R4 via link id 4 that R3 has a link with id 3 and cost 3
R5 receives from R3 via link id 7 that R4 has a link with id 4 and cost 4
R5 receives from R4 via link id 4 that R2 has a link with id 1 and cost 1
R5 receives from R4 via link id 4 that R2 has a link with id 2 and cost 2
R5 receives from R4 via link id 4 that R2 has a link with id 6 and cost 6
R5 receives from R1 via link id 5 that R1 has a link with id 1 and cost 1

# Topology DB
R5 -> R1 nbr link 1
R5 -> R1 link 1 cost 1
R5 -> R2 nbr link 3
R5 -> R2 link 1 cost 1
R5 -> R2 link 2 cost 2
R5 -> R2 link 6 cost 6
R5 -> R3 nbr link 3
R5 -> R3 link 2 cost 2
R5 -> R3 link 7 cost 7
R5 -> R3 link 3 cost 3
R5 -> R4 nbr link 2
R5 -> R4 link 3 cost 3
R5 -> R4 link 4 cost 4
R5 -> R5 nbr link 4
R5 -> R5 link 4 cost 4
R5 -> R5 link 7 cost 7
R5 -> R5 link 6 cost 6
R5 -> R5 link 5 cost 5

R5 sends LSPDU sender 5 router_id 1 link_id 1 cost 1 via 5 to 1
R5 sends LSPDU sender 5 router_id 1 link_id 1 cost 1 via 6 to 2
R5 sends LSPDU sender 5 router_id 1 link_id 1 cost 1 via 7 to 3
R5 sends LSPDU sender 5 router_id 1 link_id 1 cost 1 via 4 to 4

# RIB
R5 -> R1 -> R1, 5
R5 -> R2 -> R2, 6
R5 -> R3 -> R3, 7
R5 -> R4 -> R4, 4
R5 -> R5 -> Local, 0

R5 receives from R1 via link id 5 that R1 has a link with id 5 and cost 5

# Topology DB
R5 -> R1 nbr link 2
R5 -> R1 link 1 cost 1
R5 -> R1 link 5 cost 5
R5 -> R2 nbr link 3
R5 -> R2 link 1 cost 1
R5 -> R2 link 2 cost 2
R5 -> R2 link 6 cost 6
R5 -> R3 nbr link 3
R5 -> R3 link 2 cost 2
R5 -> R3 link 7 cost 7
R5 -> R3 link 3 cost 3
R5 -> R4 nbr link 2
R5 -> R4 link 3 cost 3
R5 -> R4 link 4 cost 4
R5 -> R5 nbr link 4
R5 -> R5 link 4 cost 4
R5 -> R5 link 7 cost 7
R5 -> R5 link 6 cost 6
R5 -> R5 link 5 cost 5

R5 sends LSPDU sender 5 router_id 1 link_id 5 cost 5 via 5 to 1
R5 sends LSPDU sender 5 router_id 1 link_id 5 cost 5 via 6 to 2
R5 sends LSPDU sender 5 router_id 1 link_id 5 cost 5 via 7 to 3
R5 sends LSPDU sender 5 router_id 1 link_id 5 cost 5 via 4 to 4

# RIB
R5 -> R1 -> R1, 5
R5 -> R2 -> R2, 6
R5 -> R3 -> R3, 7
R5 -> R4 -> R4, 4
R5 -> R5 -> Local, 0

R5 receives from R3 via link id 7 that R5 has a link with id 4 and cost 4
R5 receives from R1 via link id 5 that R2 has a link with id 1 and cost 1
R5 receives from R3 via link id 7 that R5 has a link with id 7 and cost 7
R5 receives from R1 via link id 5 that R2 has a link with id 2 and cost 2
R5 receives from R3 via link id 7 that R5 has a link with id 6 and cost 6
R5 receives from R1 via link id 5 that R2 has a link with id 6 and cost 6
R5 receives from R3 via link id 7 that R5 has a link with id 5 and cost 5
R5 receives from R2 via link id 6 that R4 has a link with id 3 and cost 3
R5 receives from R2 via link id 6 that R4 has a link with id 4 and cost 4
R5 receives from R1 via link id 5 that R5 has a link with id 4 and cost 4
R5 receives from R1 via link id 5 that R5 has a link with id 7 and cost 7
R5 receives from R1 via link id 5 that R5 has a link with id 6 and cost 6
R5 receives from R2 via link id 6 that R5 has a link with id 4 and cost 4
R5 receives from R2 via link id 6 that R5 has a link with id 7 and cost 7
R5 receives from R2 via link id 6 that R5 has a link with id 6 and cost 6
R5 receives from R2 via link id 6 that R5 has a link with id 5 and cost 5
R5 receives from R2 via link id 6 that R1 has a link with id 1 and cost 1
R5 receives from R3 via link id 7 that R1 has a link with id 1 and cost 1
R5 receives from R1 via link id 5 that R5 has a link with id 5 and cost 5
R5 receives from R1 via link id 5 that R3 has a link with id 2 and cost 2
R5 receives from R3 via link id 7 that R1 has a link with id 5 and cost 5
R5 receives from R1 via link id 5 that R3 has a link with id 7 and cost 7
R5 receives from R1 via link id 5 that R3 has a link with id 3 and cost 3
R5 receives from R1 via link id 5 that R4 has a link with id 3 and cost 3
R5 receives from R1 via link id 5 that R4 has a link with id 4 and cost 4
R5 receives from R4 via link id 4 that R5 has a link with id 4 and cost 4
R5 receives from R4 via link id 4 that R5 has a link with id 7 and cost 7
R5 receives from R4 via link id 4 that R5 has a link with id 6 and cost 6
R5 receives from R4 via link id 4 that R5 has a link with id 5 and cost 5
R5 receives from R4 via link id 4 that R1 has a link with id 1 and cost 1
R5 receives from R4 via link id 4 that R1 has a link with id 5 and cost 5
R5 receives from R2 via link id 6 that R1 has a link with id 5 and cost 5
